<?xml version="1.0" encoding="UTF-8"?>
<testng-results ignored="0" total="1" passed="1" failed="0" skipped="0">
  <reporter-output>
  </reporter-output>
  <suite started-at="2024-06-11T12:42:29 IST" name="Default suite" finished-at="2024-06-11T12:42:42 IST" duration-ms="13032">
    <groups>
    </groups>
    <test started-at="2024-06-11T12:42:29 IST" name="Default test" finished-at="2024-06-11T12:42:42 IST" duration-ms="13032">
      <class name="Scroll.ScrollActions">
        <test-method signature="testScrollPage()[pri:0, instance:Scroll.ScrollActions@4b741d6d]" started-at="2024-06-11T12:42:29 IST" name="testScrollPage" finished-at="2024-06-11T12:42:42 IST" duration-ms="12952" status="PASS">
          <reporter-output>
          </reporter-output>
        </test-method> <!-- testScrollPage -->
      </class> <!-- Scroll.ScrollActions -->
    </test> <!-- Default test -->
  </suite> <!-- Default suite -->
</testng-results>
