<?xml version="1.0" encoding="UTF-8"?>
<testng-results ignored="0" total="1" passed="1" failed="0" skipped="0">
  <reporter-output>
  </reporter-output>
  <suite started-at="2024-06-29T11:37:13 IST" name="Default suite" finished-at="2024-06-29T11:37:32 IST" duration-ms="18801">
    <groups>
    </groups>
    <test started-at="2024-06-29T11:37:13 IST" name="Default test" finished-at="2024-06-29T11:37:32 IST" duration-ms="18801">
      <class name="Frames.NestedFrames">
        <test-method signature="Frames()[pri:0, instance:Frames.NestedFrames@470734c3]" started-at="2024-06-29T11:37:14 IST" name="Frames" finished-at="2024-06-29T11:37:32 IST" duration-ms="18719" status="PASS">
          <reporter-output>
          </reporter-output>
        </test-method> <!-- Frames -->
      </class> <!-- Frames.NestedFrames -->
    </test> <!-- Default test -->
  </suite> <!-- Default suite -->
</testng-results>
